<?xml version="1.0" encoding="UTF-8"?>
<testng-results ignored="2" total="3" passed="1" failed="0" skipped="0">
  <reporter-output>
  </reporter-output>
  <suite started-at="2021-02-17T11:50:10 BDT" name="Default suite" finished-at="2021-02-17T11:50:22 BDT" duration-ms="11770">
    <groups>
    </groups>
    <test started-at="2021-02-17T11:50:10 BDT" name="Default test" finished-at="2021-02-17T11:50:22 BDT" duration-ms="11770">
      <class name="com.ebrahim.selenium.iframe.DriverSetup">
        <test-method is-config="true" signature="setDriver()[pri:0, instance:com.ebrahim.selenium.iframe.DriverSetup@8458f04]" started-at="2021-02-17T11:50:07 BDT" name="setDriver" finished-at="2021-02-17T11:50:10 BDT" duration-ms="2515" status="PASS">
          <reporter-output>
          </reporter-output>
        </test-method> <!-- setDriver -->
        <test-method is-config="true" signature="close()[pri:0, instance:com.ebrahim.selenium.iframe.DriverSetup@8458f04]" started-at="2021-02-17T11:50:22 BDT" name="close" finished-at="2021-02-17T11:50:22 BDT" duration-ms="155" status="PASS">
          <reporter-output>
          </reporter-output>
        </test-method> <!-- close -->
      </class> <!-- com.ebrahim.selenium.iframe.DriverSetup -->
      <class name="com.ebrahim.selenium.iframe.Iframe">
        <test-method signature="iframe()[pri:0, instance:com.ebrahim.selenium.iframe.Iframe@48075da3]" started-at="2021-02-17T11:50:10 BDT" name="iframe" finished-at="2021-02-17T11:50:22 BDT" duration-ms="11722" status="PASS">
          <reporter-output>
          </reporter-output>
        </test-method> <!-- iframe -->
      </class> <!-- com.ebrahim.selenium.iframe.Iframe -->
    </test> <!-- Default test -->
  </suite> <!-- Default suite -->
</testng-results>
