<?xml version="1.0" encoding="UTF-8"?>
<!-- Generated by org.testng.reporters.JUnitXMLReporter -->
<testsuite ignored="2" hostname="DESKTOP-AEI6VM2" failures="0" tests="1" name="Default test" time="11.77" errors="0" timestamp="2021-02-17T11:50:22 BDT">
  <testcase classname="com.ebrahim.selenium.iframe.Iframe" name="iframe" time="11.722"/>
  <testcase classname="com.ebrahim.selenium.iframe.DriverSetup" name="@BeforeSuite setDriver" time="0.0">
    <ignored/>
  </testcase> <!-- @BeforeSuite setDriver -->
  <testcase classname="com.ebrahim.selenium.iframe.DriverSetup" name="@AfterSuite close" time="0.0">
    <ignored/>
  </testcase> <!-- @AfterSuite close -->
</testsuite> <!-- Default test -->
